# JRE version: Java(TM) SE Runtime Environment (8.0_31-b13) (build 1.8.0_31-b13)
# Java VM: Java HotSpot(TM) 64-Bit Server VM (25.31-b07 mixed mode linux-amd64 compressed oops)
Heap:
 def new generation   total 43264K, used 0K [0x00000000d0000000, 0x00000000d2ef0000, 0x00000000e0000000)
  eden space 38464K,   0% used [0x00000000d0000000, 0x00000000d0000000, 0x00000000d2590000)
  from space 4800K,   0% used [0x00000000d2590000, 0x00000000d2590000, 0x00000000d2a40000)
  to   space 4800K,   0% used [0x00000000d2a40000, 0x00000000d2a40000, 0x00000000d2ef0000)
 tenured generation   total 97132K, used 94770K [0x00000000e0000000, 0x00000000e5edb000, 0x0000000100000000)
   the space 97132K,  97% used [0x00000000e0000000, 0x00000000e5c8cad0, 0x00000000e5c8cc00, 0x00000000e5edb000)
 Metaspace       used 50711K, capacity 52352K, committed 52480K, reserved 1095680K
  class space    used 4838K, capacity 5320K, committed 5376K, reserved 1048576K
GC Heap History (10 events):
Event: 36.501 GC heap after
Heap after GC invocations=192 (full 3):
 def new generation   total 43264K, used 2951K [0x00000000d0000000, 0x00000000d2ef0000, 0x00000000e0000000)
  eden space 38464K,   0% used [0x00000000d0000000, 0x00000000d0000000, 0x00000000d2590000)
  from space 4800K,  61% used [0x00000000d2a40000, 0x00000000d2d21ed8, 0x00000000d2ef0000)
  to   space 4800K,   0% used [0x00000000d2590000, 0x00000000d2590000, 0x00000000d2a40000)
 tenured generation   total 95980K, used 91170K [0x00000000e0000000, 0x00000000e5dbb000, 0x0000000100000000)
   the space 95980K,  94% used [0x00000000e0000000, 0x00000000e5908808, 0x00000000e5908a00, 0x00000000e5dbb000)
 Metaspace       used 48589K, capacity 50022K, committed 50176K, reserved 1093632K
  class space    used 4606K, capacity 5028K, committed 5120K, reserved 1048576K
}
Event: 37.538 GC heap before
{Heap before GC invocations=192 (full 3):
 def new generation   total 43264K, used 41415K [0x00000000d0000000, 0x00000000d2ef0000, 0x00000000e0000000)
  eden space 38464K, 100% used [0x00000000d0000000, 0x00000000d2590000, 0x00000000d2590000)
  from space 4800K,  61% used [0x00000000d2a40000, 0x00000000d2d21ed8, 0x00000000d2ef0000)
  to   space 4800K,   0% used [0x00000000d2590000, 0x00000000d2590000, 0x00000000d2a40000)
 tenured generation   total 95980K, used 91170K [0x00000000e0000000, 0x00000000e5dbb000, 0x0000000100000000)
   the space 95980K,  94% used [0x00000000e0000000, 0x00000000e5908808, 0x00000000e5908a00, 0x00000000e5dbb000)
 Metaspace       used 49244K, capacity 50770K, committed 51072K, reserved 1095680K
  class space    used 4678K, capacity 5135K, committed 5248K, reserved 1048576K
Event: 37.549 GC heap after
Heap after GC invocations=193 (full 3):
 def new generation   total 43264K, used 3900K [0x00000000d0000000, 0x00000000d2ef0000, 0x00000000e0000000)
  eden space 38464K,   0% used [0x00000000d0000000, 0x00000000d0000000, 0x00000000d2590000)
  from space 4800K,  81% used [0x00000000d2590000, 0x00000000d295f030, 0x00000000d2a40000)
  to   space 4800K,   0% used [0x00000000d2a40000, 0x00000000d2a40000, 0x00000000d2ef0000)
 tenured generation   total 95980K, used 92060K [0x00000000e0000000, 0x00000000e5dbb000, 0x0000000100000000)
   the space 95980K,  95% used [0x00000000e0000000, 0x00000000e59e73c0, 0x00000000e59e7400, 0x00000000e5dbb000)
 Metaspace       used 49244K, capacity 50770K, committed 51072K, reserved 1095680K
  class space    used 4678K, capacity 5135K, committed 5248K, reserved 1048576K
}
Event: 38.580 GC heap before
{Heap before GC invocations=193 (full 3):
 def new generation   total 43264K, used 42364K [0x00000000d0000000, 0x00000000d2ef0000, 0x00000000e0000000)
  eden space 38464K, 100% used [0x00000000d0000000, 0x00000000d2590000, 0x00000000d2590000)
  from space 4800K,  81% used [0x00000000d2590000, 0x00000000d295f030, 0x00000000d2a40000)
  to   space 4800K,   0% used [0x00000000d2a40000, 0x00000000d2a40000, 0x00000000d2ef0000)
 tenured generation   total 95980K, used 92060K [0x00000000e0000000, 0x00000000e5dbb000, 0x0000000100000000)
   the space 95980K,  95% used [0x00000000e0000000, 0x00000000e59e73c0, 0x00000000e59e7400, 0x00000000e5dbb000)
 Metaspace       used 49684K, capacity 51204K, committed 51328K, reserved 1095680K
  class space    used 4726K, capacity 5173K, committed 5248K, reserved 1048576K
Event: 38.595 GC heap after
Heap after GC invocations=194 (full 3):
 def new generation   total 43264K, used 3595K [0x00000000d0000000, 0x00000000d2ef0000, 0x00000000e0000000)
  eden space 38464K,   0% used [0x00000000d0000000, 0x00000000d0000000, 0x00000000d2590000)
  from space 4800K,  74% used [0x00000000d2a40000, 0x00000000d2dc2db8, 0x00000000d2ef0000)
  to   space 4800K,   0% used [0x00000000d2590000, 0x00000000d2590000, 0x00000000d2a40000)
 tenured generation   total 95980K, used 93740K [0x00000000e0000000, 0x00000000e5dbb000, 0x0000000100000000)
   the space 95980K,  97% used [0x00000000e0000000, 0x00000000e5b8b0f8, 0x00000000e5b8b200, 0x00000000e5dbb000)
 Metaspace       used 49684K, capacity 51204K, committed 51328K, reserved 1095680K
  class space    used 4726K, capacity 5173K, committed 5248K, reserved 1048576K
}
Event: 39.396 GC heap before
{Heap before GC invocations=194 (full 3):
 def new generation   total 43264K, used 36938K [0x00000000d0000000, 0x00000000d2ef0000, 0x00000000e0000000)
  eden space 38464K,  86% used [0x00000000d0000000, 0x00000000d208fdc8, 0x00000000d2590000)
  from space 4800K,  74% used [0x00000000d2a40000, 0x00000000d2dc2db8, 0x00000000d2ef0000)
  to   space 4800K,   0% used [0x00000000d2590000, 0x00000000d2590000, 0x00000000d2a40000)
 tenured generation   total 95980K, used 93740K [0x00000000e0000000, 0x00000000e5dbb000, 0x0000000100000000)
   the space 95980K,  97% used [0x00000000e0000000, 0x00000000e5b8b0f8, 0x00000000e5b8b200, 0x00000000e5dbb000)
 Metaspace       used 49872K, capacity 51470K, committed 51584K, reserved 1095680K
  class space    used 4754K, capacity 5179K, committed 5248K, reserved 1048576K
Event: 39.408 GC heap after
Heap after GC invocations=195 (full 3):
 def new generation   total 43264K, used 2037K [0x00000000d0000000, 0x00000000d2ef0000, 0x00000000e0000000)
  eden space 38464K,   0% used [0x00000000d0000000, 0x00000000d0000000, 0x00000000d2590000)
  from space 4800K,  42% used [0x00000000d2590000, 0x00000000d278d410, 0x00000000d2a40000)
  to   space 4800K,   0% used [0x00000000d2a40000, 0x00000000d2a40000, 0x00000000d2ef0000)
 tenured generation   total 95980K, used 95677K [0x00000000e0000000, 0x00000000e5dbb000, 0x0000000100000000)
   the space 95980K,  99% used [0x00000000e0000000, 0x00000000e5d6f598, 0x00000000e5d6f600, 0x00000000e5dbb000)
 Metaspace       used 49872K, capacity 51470K, committed 51584K, reserved 1095680K
  class space    used 4754K, capacity 5179K, committed 5248K, reserved 1048576K
}
Event: 40.644 GC heap before
{Heap before GC invocations=195 (full 3):
 def new generation   total 43264K, used 40501K [0x00000000d0000000, 0x00000000d2ef0000, 0x00000000e0000000)
  eden space 38464K, 100% used [0x00000000d0000000, 0x00000000d2590000, 0x00000000d2590000)
  from space 4800K,  42% used [0x00000000d2590000, 0x00000000d278d410, 0x00000000d2a40000)
  to   space 4800K,   0% used [0x00000000d2a40000, 0x00000000d2a40000, 0x00000000d2ef0000)
 tenured generation   total 95980K, used 95677K [0x00000000e0000000, 0x00000000e5dbb000, 0x0000000100000000)
   the space 95980K,  99% used [0x00000000e0000000, 0x00000000e5d6f598, 0x00000000e5d6f600, 0x00000000e5dbb000)
 Metaspace       used 50168K, capacity 51740K, committed 51968K, reserved 1095680K
  class space    used 4792K, capacity 5249K, committed 5376K, reserved 1048576K
Event: 40.651 GC heap after
Heap after GC invocations=196 (full 3):
 def new generation   total 43264K, used 3036K [0x00000000d0000000, 0x00000000d2ef0000, 0x00000000e0000000)
  eden space 38464K,   0% used [0x00000000d0000000, 0x00000000d0000000, 0x00000000d2590000)
  from space 4800K,  63% used [0x00000000d2a40000, 0x00000000d2d37348, 0x00000000d2ef0000)
  to   space 4800K,   0% used [0x00000000d2590000, 0x00000000d2590000, 0x00000000d2a40000)
 tenured generation   total 95980K, used 95677K [0x00000000e0000000, 0x00000000e5dbb000, 0x0000000100000000)
   the space 95980K,  99% used [0x00000000e0000000, 0x00000000e5d6f598, 0x00000000e5d6f600, 0x00000000e5dbb000)
 Metaspace       used 50168K, capacity 51740K, committed 51968K, reserved 1095680K
  class space    used 4792K, capacity 5249K, committed 5376K, reserved 1048576K
}
Event: 43.435 GC heap before
{Heap before GC invocations=196 (full 3):
 def new generation   total 43264K, used 41500K [0x00000000d0000000, 0x00000000d2ef0000, 0x00000000e0000000)
  eden space 38464K, 100% used [0x00000000d0000000, 0x00000000d2590000, 0x00000000d2590000)
  from space 4800K,  63% used [0x00000000d2a40000, 0x00000000d2d37348, 0x00000000d2ef0000)
  to   space 4800K,   0% used [0x00000000d2590000, 0x00000000d2590000, 0x00000000d2a40000)
 tenured generation   total 95980K, used 95677K [0x00000000e0000000, 0x00000000e5dbb000, 0x0000000100000000)
   the space 95980K,  99% used [0x00000000e0000000, 0x00000000e5d6f598, 0x00000000e5d6f600, 0x00000000e5dbb000)
 Metaspace       used 50711K, capacity 52352K, committed 52480K, reserved 1095680K
  class space    used 4838K, capacity 5320K, committed 5376K, reserved 1048576K

